<?xml version="1.0" encoding="UTF-8"?>
<testsuite xmlns:xsi="http://www.w3.org/2001/XMLSchema-instance" xsi:noNamespaceSchemaLocation="https://maven.apache.org/surefire/maven-surefire-plugin/xsd/surefire-test-report.xsd" version="3.0.2" name="com.bcentral.test.message.consumer.kafka.MessageStorageTest" time="0.002" tests="4" errors="0" skipped="0" failures="0">
  <properties>
[...]
</properties>
  <testcase name="testPut" classname="com.bcentral.test.message.consumer.kafka.MessageStorageTest" time="0.001"/>
  <testcase name="testFindAll" classname="com.bcentral.test.message.consumer.kafka.MessageStorageTest" time="0.001"/>
  <testcase name="testClear" classname="com.bcentral.test.message.consumer.kafka.MessageStorageTest" time="0.0"/>
  <testcase name="testFindById" classname="com.bcentral.test.message.consumer.kafka.MessageStorageTest" time="0.0"/>
</testsuite>